  additionally.c
  box.c
  main.c
  yolov2_forward_network.c
  yolov2_forward_network_quantized.c
src\box.c(104): warning C4244: 'return': conversion from 'double' to 'float', possible loss of data
src\box.c(139): warning C4305: 'initializing': truncation from 'double' to 'float'
src\box.c(140): warning C4305: 'initializing': truncation from 'double' to 'float'
src\box.c(141): warning C4305: 'initializing': truncation from 'double' to 'float'
src\box.c(142): warning C4305: 'initializing': truncation from 'double' to 'float'
src\box.c(144): warning C4305: 'initializing': truncation from 'double' to 'float'
src\box.c(161): warning C4305: 'initializing': truncation from 'double' to 'float'
src\box.c(162): warning C4305: 'initializing': truncation from 'double' to 'float'
src\box.c(163): warning C4305: 'initializing': truncation from 'double' to 'float'
src\box.c(164): warning C4305: 'initializing': truncation from 'double' to 'float'
src\box.c(166): warning C4305: 'initializing': truncation from 'double' to 'float'
src\box.c(186): warning C4305: 'initializing': truncation from 'double' to 'float'
src\box.c(187): warning C4305: 'initializing': truncation from 'double' to 'float'
src\box.c(188): warning C4305: 'initializing': truncation from 'double' to 'float'
src\box.c(189): warning C4305: 'initializing': truncation from 'double' to 'float'
src\box.c(191): warning C4305: 'initializing': truncation from 'double' to 'float'
src\box.c(226): warning C4244: '=': conversion from 'double' to 'float', possible loss of data
src\box.c(227): warning C4244: '=': conversion from 'double' to 'float', possible loss of data
src\box.c(228): warning C4244: '=': conversion from 'double' to 'float', possible loss of data
src\box.c(229): warning C4244: '=': conversion from 'double' to 'float', possible loss of data
src\box.c(355): warning C4244: '=': conversion from 'double' to 'float', possible loss of data
src\box.c(356): warning C4244: '=': conversion from 'double' to 'float', possible loss of data
src\box.c(365): warning C4244: '=': conversion from 'double' to 'float', possible loss of data
src\box.c(366): warning C4244: '=': conversion from 'double' to 'float', possible loss of data
f:\github\yolo2_light_cpu\src\additionally.h(61): warning C4244: 'return': conversion from 'double' to 'float', possible loss of data (compiling source file src\yolov2_forward_network.c)
f:\github\yolo2_light_cpu\src\additionally.h(62): warning C4244: 'return': conversion from 'double' to 'float', possible loss of data (compiling source file src\yolov2_forward_network.c)
f:\github\yolo2_light_cpu\src\additionally.h(61): warning C4244: 'return': conversion from 'double' to 'float', possible loss of data (compiling source file src\additionally.c)
f:\github\yolo2_light_cpu\src\additionally.h(60): warning C4244: 'initializing': conversion from 'double' to 'int', possible loss of data (compiling source file src\yolov2_forward_network.c)
f:\github\yolo2_light_cpu\src\additionally.h(61): warning C4244: 'return': conversion from 'double' to 'float', possible loss of data (compiling source file src\yolov2_forward_network_quantized.c)
f:\github\yolo2_light_cpu\src\additionally.h(62): warning C4244: 'return': conversion from 'double' to 'float', possible loss of data (compiling source file src\additionally.c)
f:\github\yolo2_light_cpu\src\additionally.h(61): warning C4244: 'return': conversion from 'double' to 'float', possible loss of data (compiling source file src\main.c)
f:\github\yolo2_light_cpu\src\additionally.h(71): warning C4244: 'return': conversion from 'double' to 'float', possible loss of data (compiling source file src\yolov2_forward_network.c)
f:\github\yolo2_light_cpu\src\additionally.h(62): warning C4244: 'return': conversion from 'double' to 'float', possible loss of data (compiling source file src\yolov2_forward_network_quantized.c)
f:\github\yolo2_light_cpu\src\additionally.h(60): warning C4244: 'initializing': conversion from 'double' to 'int', possible loss of data (compiling source file src\additionally.c)
f:\github\yolo2_light_cpu\src\additionally.h(62): warning C4244: 'return': conversion from 'double' to 'float', possible loss of data (compiling source file src\main.c)
f:\github\yolo2_light_cpu\src\additionally.h(72): warning C4244: 'return': conversion from 'double' to 'float', possible loss of data (compiling source file src\yolov2_forward_network.c)
f:\github\yolo2_light_cpu\src\additionally.h(60): warning C4244: 'initializing': conversion from 'double' to 'int', possible loss of data (compiling source file src\yolov2_forward_network_quantized.c)
f:\github\yolo2_light_cpu\src\additionally.h(71): warning C4244: 'return': conversion from 'double' to 'float', possible loss of data (compiling source file src\additionally.c)
f:\github\yolo2_light_cpu\src\additionally.h(60): warning C4244: 'initializing': conversion from 'double' to 'int', possible loss of data (compiling source file src\main.c)
f:\github\yolo2_light_cpu\src\additionally.h(74): warning C4244: 'return': conversion from 'double' to 'float', possible loss of data (compiling source file src\yolov2_forward_network.c)
f:\github\yolo2_light_cpu\src\additionally.h(71): warning C4244: 'return': conversion from 'double' to 'float', possible loss of data (compiling source file src\yolov2_forward_network_quantized.c)
f:\github\yolo2_light_cpu\src\additionally.h(72): warning C4244: 'return': conversion from 'double' to 'float', possible loss of data (compiling source file src\additionally.c)
f:\github\yolo2_light_cpu\src\additionally.h(71): warning C4244: 'return': conversion from 'double' to 'float', possible loss of data (compiling source file src\main.c)
f:\github\yolo2_light_cpu\src\additionally.h(75): warning C4244: 'return': conversion from 'double' to 'float', possible loss of data (compiling source file src\yolov2_forward_network.c)
f:\github\yolo2_light_cpu\src\additionally.h(72): warning C4244: 'return': conversion from 'double' to 'float', possible loss of data (compiling source file src\yolov2_forward_network_quantized.c)
f:\github\yolo2_light_cpu\src\additionally.h(74): warning C4244: 'return': conversion from 'double' to 'float', possible loss of data (compiling source file src\additionally.c)
f:\github\yolo2_light_cpu\src\additionally.h(72): warning C4244: 'return': conversion from 'double' to 'float', possible loss of data (compiling source file src\main.c)
f:\github\yolo2_light_cpu\src\additionally.h(76): warning C4244: 'return': conversion from 'double' to 'float', possible loss of data (compiling source file src\yolov2_forward_network.c)
f:\github\yolo2_light_cpu\src\additionally.h(74): warning C4244: 'return': conversion from 'double' to 'float', possible loss of data (compiling source file src\yolov2_forward_network_quantized.c)
f:\github\yolo2_light_cpu\src\additionally.h(75): warning C4244: 'return': conversion from 'double' to 'float', possible loss of data (compiling source file src\additionally.c)
f:\github\yolo2_light_cpu\src\additionally.h(74): warning C4244: 'return': conversion from 'double' to 'float', possible loss of data (compiling source file src\main.c)
f:\github\yolo2_light_cpu\src\additionally.h(77): warning C4244: 'return': conversion from 'double' to 'float', possible loss of data (compiling source file src\yolov2_forward_network.c)
f:\github\yolo2_light_cpu\src\additionally.h(75): warning C4244: 'return': conversion from 'double' to 'float', possible loss of data (compiling source file src\yolov2_forward_network_quantized.c)
f:\github\yolo2_light_cpu\src\additionally.h(76): warning C4244: 'return': conversion from 'double' to 'float', possible loss of data (compiling source file src\additionally.c)
f:\github\yolo2_light_cpu\src\additionally.h(75): warning C4244: 'return': conversion from 'double' to 'float', possible loss of data (compiling source file src\main.c)
f:\github\yolo2_light_cpu\src\additionally.h(78): warning C4244: 'return': conversion from 'double' to 'float', possible loss of data (compiling source file src\yolov2_forward_network.c)
f:\github\yolo2_light_cpu\src\additionally.h(76): warning C4244: 'return': conversion from 'double' to 'float', possible loss of data (compiling source file src\yolov2_forward_network_quantized.c)
f:\github\yolo2_light_cpu\src\additionally.h(77): warning C4244: 'return': conversion from 'double' to 'float', possible loss of data (compiling source file src\additionally.c)
f:\github\yolo2_light_cpu\src\additionally.h(76): warning C4244: 'return': conversion from 'double' to 'float', possible loss of data (compiling source file src\main.c)
f:\github\yolo2_light_cpu\src\additionally.h(81): warning C4244: 'return': conversion from 'double' to 'float', possible loss of data (compiling source file src\yolov2_forward_network.c)
f:\github\yolo2_light_cpu\src\additionally.h(77): warning C4244: 'return': conversion from 'double' to 'float', possible loss of data (compiling source file src\yolov2_forward_network_quantized.c)
f:\github\yolo2_light_cpu\src\additionally.h(78): warning C4244: 'return': conversion from 'double' to 'float', possible loss of data (compiling source file src\additionally.c)
f:\github\yolo2_light_cpu\src\additionally.h(77): warning C4244: 'return': conversion from 'double' to 'float', possible loss of data (compiling source file src\main.c)
f:\github\yolo2_light_cpu\src\additionally.h(82): warning C4244: 'return': conversion from 'double' to 'float', possible loss of data (compiling source file src\yolov2_forward_network.c)
f:\github\yolo2_light_cpu\src\additionally.h(78): warning C4244: 'return': conversion from 'double' to 'float', possible loss of data (compiling source file src\yolov2_forward_network_quantized.c)
f:\github\yolo2_light_cpu\src\additionally.h(81): warning C4244: 'return': conversion from 'double' to 'float', possible loss of data (compiling source file src\additionally.c)
f:\github\yolo2_light_cpu\src\additionally.h(78): warning C4244: 'return': conversion from 'double' to 'float', possible loss of data (compiling source file src\main.c)
f:\github\yolo2_light_cpu\src\additionally.h(83): warning C4244: 'return': conversion from 'double' to 'float', possible loss of data (compiling source file src\yolov2_forward_network.c)
f:\github\yolo2_light_cpu\src\additionally.h(81): warning C4244: 'return': conversion from 'double' to 'float', possible loss of data (compiling source file src\yolov2_forward_network_quantized.c)
f:\github\yolo2_light_cpu\src\additionally.h(82): warning C4244: 'return': conversion from 'double' to 'float', possible loss of data (compiling source file src\additionally.c)
f:\github\yolo2_light_cpu\src\additionally.h(81): warning C4244: 'return': conversion from 'double' to 'float', possible loss of data (compiling source file src\main.c)
f:\github\yolo2_light_cpu\src\additionally.h(88): warning C4244: 'return': conversion from 'double' to 'float', possible loss of data (compiling source file src\yolov2_forward_network.c)
f:\github\yolo2_light_cpu\src\additionally.h(82): warning C4244: 'return': conversion from 'double' to 'float', possible loss of data (compiling source file src\yolov2_forward_network_quantized.c)
f:\github\yolo2_light_cpu\src\additionally.h(83): warning C4244: 'return': conversion from 'double' to 'float', possible loss of data (compiling source file src\additionally.c)
f:\github\yolo2_light_cpu\src\additionally.h(82): warning C4244: 'return': conversion from 'double' to 'float', possible loss of data (compiling source file src\main.c)
f:\github\yolo2_light_cpu\src\additionally.h(89): warning C4244: 'return': conversion from 'double' to 'float', possible loss of data (compiling source file src\yolov2_forward_network.c)
f:\github\yolo2_light_cpu\src\additionally.h(83): warning C4244: 'return': conversion from 'double' to 'float', possible loss of data (compiling source file src\yolov2_forward_network_quantized.c)
f:\github\yolo2_light_cpu\src\additionally.h(88): warning C4244: 'return': conversion from 'double' to 'float', possible loss of data (compiling source file src\additionally.c)
f:\github\yolo2_light_cpu\src\additionally.h(83): warning C4244: 'return': conversion from 'double' to 'float', possible loss of data (compiling source file src\main.c)
f:\github\yolo2_light_cpu\src\additionally.h(88): warning C4244: 'return': conversion from 'double' to 'float', possible loss of data (compiling source file src\yolov2_forward_network_quantized.c)
f:\github\yolo2_light_cpu\src\additionally.h(89): warning C4244: 'return': conversion from 'double' to 'float', possible loss of data (compiling source file src\additionally.c)
f:\github\yolo2_light_cpu\src\additionally.h(88): warning C4244: 'return': conversion from 'double' to 'float', possible loss of data (compiling source file src\main.c)
f:\github\yolo2_light_cpu\src\additionally.h(89): warning C4244: 'return': conversion from 'double' to 'float', possible loss of data (compiling source file src\yolov2_forward_network_quantized.c)
f:\github\yolo2_light_cpu\src\additionally.h(89): warning C4244: 'return': conversion from 'double' to 'float', possible loss of data (compiling source file src\main.c)
src\yolov2_forward_network.c(24): warning C4133: 'function': incompatible types - from 'float *' to 'uint32_t *'
src\yolov2_forward_network.c(24): warning C4133: 'function': incompatible types - from 'char *' to 'uint32_t *'
src\yolov2_forward_network.c(24): warning C4267: 'function': conversion from 'size_t' to 'const int', possible loss of data
src\yolov2_forward_network.c(127): warning C4267: 'function': conversion from 'size_t' to 'int', possible loss of data
src\yolov2_forward_network_quantized.c(111): warning C4244: '=': conversion from 'double' to 'int', possible loss of data
src\yolov2_forward_network_quantized.c(138): warning C4244: 'initializing': conversion from 'double' to 'int', possible loss of data
src\main.c(109): warning C4244: 'initializing': conversion from 'double' to 'int', possible loss of data
src\yolov2_forward_network_quantized.c(157): warning C4244: 'initializing': conversion from 'double' to 'int', possible loss of data
src\main.c(128): warning C4244: 'initializing': conversion from 'double' to 'int', possible loss of data
src\yolov2_forward_network_quantized.c(104): warning C4101: 'i': unreferenced local variable
src\main.c(129): warning C4244: 'initializing': conversion from 'double' to 'int', possible loss of data
src\main.c(130): warning C4244: 'initializing': conversion from 'double' to 'int', possible loss of data
src\main.c(131): warning C4244: 'initializing': conversion from 'double' to 'int', possible loss of data
src\yolov2_forward_network_quantized.c(554): warning C4133: '=': incompatible types - from 'int *' to 'int8_t *'
src\main.c(195): warning C4305: '=': truncation from 'double' to 'float'
src\yolov2_forward_network_quantized.c(558): warning C4244: 'initializing': conversion from 'float' to 'int16_t', possible loss of data
src\main.c(169): warning C4305: 'initializing': truncation from 'double' to 'float'
src\yolov2_forward_network_quantized.c(532): warning C4101: 'f': unreferenced local variable
src\yolov2_forward_network_quantized.c(757): warning C4244: '=': conversion from 'float' to 'conv_t', possible loss of data
src\yolov2_forward_network_quantized.c(764): warning C4244: '+=': conversion from 'float' to 'conv_t', possible loss of data
src\yolov2_forward_network_quantized.c(641): warning C4101: 'f': unreferenced local variable
src\yolov2_forward_network_quantized.c(1042): warning C4013: 'forward_maxpool_layer_cpu' undefined; assuming extern returning int
src\yolov2_forward_network_quantized.c(1046): warning C4013: 'forward_route_layer_cpu' undefined; assuming extern returning int
src\yolov2_forward_network_quantized.c(1050): warning C4013: 'forward_reorg_layer_cpu' undefined; assuming extern returning int
src\yolov2_forward_network_quantized.c(1054): warning C4013: 'forward_upsample_layer_cpu' undefined; assuming extern returning int
src\yolov2_forward_network_quantized.c(1058): warning C4013: 'forward_shortcut_layer_cpu' undefined; assuming extern returning int
src\yolov2_forward_network_quantized.c(1062): warning C4013: 'forward_yolo_layer_cpu' undefined; assuming extern returning int
src\yolov2_forward_network_quantized.c(1066): warning C4013: 'forward_region_layer_cpu' undefined; assuming extern returning int
src\yolov2_forward_network_quantized.c(1030): warning C4101: 'k': unreferenced local variable
src\yolov2_forward_network_quantized.c(1150): warning C4244: 'initializing': conversion from 'double' to 'int16_t', possible loss of data
src\yolov2_forward_network_quantized.c(1095): warning C4101: 'k': unreferenced local variable
src\yolov2_forward_network_quantized.c(1201): warning C4244: 'initializing': conversion from 'float' to 'int16_t', possible loss of data
src\yolov2_forward_network_quantized.c(1334): warning C4244: '+=': conversion from 'float' to 'uint64_t', possible loss of data
src\yolov2_forward_network_quantized.c(1370): warning C4244: '+=': conversion from 'double' to 'float', possible loss of data
src\yolov2_forward_network_quantized.c(1381): warning C4244: '=': conversion from 'int' to 'float', possible loss of data
src\yolov2_forward_network_quantized.c(1296): warning C4244: 'initializing': conversion from 'const float' to 'const int', possible loss of data
src\yolov2_forward_network_quantized.c(1385): warning C4244: 'initializing': conversion from 'double' to 'float', possible loss of data
src\yolov2_forward_network_quantized.c(1429): warning C4267: 'function': conversion from 'size_t' to 'int', possible loss of data
src\yolov2_forward_network_quantized.c(1444): warning C4244: 'function': conversion from 'float' to 'int', possible loss of data
src\yolov2_forward_network_quantized.c(1418): warning C4101: 'k': unreferenced local variable
src\additionally.c(77): warning C4267: 'initializing': conversion from 'size_t' to 'int', possible loss of data
src\additionally.c(100): warning C4244: '+=': conversion from 'double' to 'float', possible loss of data
src\additionally.c(113): warning C4244: '=': conversion from 'int' to 'float', possible loss of data
src\additionally.c(173): warning C4244: '=': conversion from 'double' to 'float', possible loss of data
src\additionally.c(182): warning C4267: '=': conversion from 'size_t' to 'int', possible loss of data
src\additionally.c(187): warning C4267: '=': conversion from 'size_t' to 'int', possible loss of data
src\additionally.c(245): warning C4244: 'return': conversion from 'unsigned long' to 'uint8_t', possible loss of data
src\additionally.c(304): warning C4068: unknown pragma
src\additionally.c(307): warning C4068: unknown pragma
src\additionally.c(326): warning C4133: 'function': incompatible types - from 'uint32_t *' to 'const unsigned char *const '
src\additionally.c(326): warning C4133: 'function': incompatible types - from 'uint32_t *' to 'unsigned char *const '
src\additionally.c(390): warning C4133: 'function': incompatible types - from 'float *' to 'unsigned char *const '
src\additionally.c(401): warning C4133: 'function': incompatible types - from 'float *' to 'unsigned char *const '
src\additionally.c(415): warning C4133: 'function': incompatible types - from 'float *' to 'unsigned char *const '
src\additionally.c(429): warning C4133: 'function': incompatible types - from 'float *' to 'unsigned char *const '
src\additionally.c(443): warning C4133: 'function': incompatible types - from 'float *' to 'unsigned char *const '
src\additionally.c(457): warning C4133: 'function': incompatible types - from 'float *' to 'unsigned char *const '
src\additionally.c(523): warning C4244: 'initializing': conversion from 'DWORD64' to 'int', possible loss of data
src\additionally.c(545): warning C4101: 'h': unreferenced local variable
src\additionally.c(657): warning C4267: 'function': conversion from 'size_t' to 'int', possible loss of data
src\additionally.c(675): warning C4267: 'function': conversion from 'size_t' to 'int', possible loss of data
src\additionally.c(744): warning C4244: '=': conversion from 'double' to 'float', possible loss of data
src\additionally.c(820): warning C4244: 'return': conversion from 'double' to 'float', possible loss of data
src\additionally.c(849): warning C4244: 'return': conversion from 'double' to 'float', possible loss of data
src\additionally.c(860): warning C4244: 'return': conversion from 'double' to 'float', possible loss of data
src\additionally.c(888): warning C4244: 'return': conversion from 'double' to 'float', possible loss of data
src\additionally.c(898): warning C4244: 'return': conversion from 'double' to 'float', possible loss of data
src\additionally.c(1532): warning C4244: '=': conversion from 'double' to 'float', possible loss of data
src\additionally.c(1473): warning C4244: 'initializing': conversion from 'double' to 'float', possible loss of data
src\additionally.c(1729): warning C4244: '=': conversion from 'double' to 'float', possible loss of data
src\additionally.c(1754): warning C4244: '=': conversion from 'double' to 'float', possible loss of data
src\additionally.c(1880): warning C4244: 'initializing': conversion from 'double' to 'int', possible loss of data
src\additionally.c(1881): warning C4244: 'initializing': conversion from 'double' to 'int', possible loss of data
src\additionally.c(2016): warning C4244: 'return': conversion from 'double' to 'float', possible loss of data
src\additionally.c(2024): warning C4244: 'return': conversion from 'double' to 'float', possible loss of data
src\additionally.c(2192): warning C4305: 'function': truncation from 'double' to 'float'
src\additionally.c(2213): warning C4267: 'initializing': conversion from 'size_t' to 'int', possible loss of data
src\additionally.c(2220): warning C4244: 'initializing': conversion from 'double' to 'float', possible loss of data
src\additionally.c(2233): warning C4267: 'initializing': conversion from 'size_t' to 'int', possible loss of data
src\additionally.c(2270): warning C4305: 'function': truncation from 'double' to 'float'
src\additionally.c(2279): warning C4267: 'initializing': conversion from 'size_t' to 'int', possible loss of data
src\additionally.c(2286): warning C4244: 'initializing': conversion from 'double' to 'float', possible loss of data
src\additionally.c(2372): warning C4267: 'initializing': conversion from 'size_t' to 'int', possible loss of data
src\additionally.c(2466): warning C4305: 'function': truncation from 'double' to 'float'
src\additionally.c(2467): warning C4305: 'function': truncation from 'double' to 'float'
src\additionally.c(2468): warning C4305: 'function': truncation from 'double' to 'float'
src\additionally.c(2494): warning C4305: 'function': truncation from 'double' to 'float'
src\additionally.c(2495): warning C4305: 'function': truncation from 'double' to 'float'
src\additionally.c(2496): warning C4305: 'function': truncation from 'double' to 'float'
src\additionally.c(2477): warning C4267: 'initializing': conversion from 'size_t' to 'int', possible loss of data
src\additionally.c(2486): warning C4244: 'initializing': conversion from 'double' to 'float', possible loss of data
src\additionally.c(2526): warning C4267: 'initializing': conversion from 'size_t' to 'int', possible loss of data
src\additionally.c(2536): warning C4244: 'initializing': conversion from 'double' to 'float', possible loss of data
src\additionally.c(2882): warning C4244: '=': conversion from 'double' to 'float', possible loss of data
src\additionally.c(2883): warning C4244: '=': conversion from 'double' to 'float', possible loss of data
src\additionally.c(2902): warning C4244: '=': conversion from 'double' to 'float', possible loss of data
src\additionally.c(2903): warning C4244: '=': conversion from 'double' to 'float', possible loss of data
src\additionally.c(3141): warning C4244: 'function': conversion from 'time_t' to 'unsigned int', possible loss of data
src\additionally.c(3160): warning C4305: 'initializing': truncation from 'double' to 'const float'
src\additionally.c(3161): warning C4305: 'initializing': truncation from 'double' to 'float'
src\additionally.c(3488): warning C4244: 'function': conversion from 'time_t' to 'unsigned int', possible loss of data
src\additionally.c(3500): warning C4305: 'initializing': truncation from 'double' to 'const float'
src\additionally.c(3501): warning C4305: 'initializing': truncation from 'double' to 'float'
src\additionally.c(3470): warning C4101: 'j': unreferenced local variable
  Generating code
  All 226 functions were compiled because no usable IPDB/IOBJ from previous compilation was found.
  Finished generating code
  yolo_cpu.vcxproj -> F:\GitHub\yolo2_light_cpu\bin\yolo_cpu.exe
  yolo_cpu.vcxproj -> bin\yolo_cpu.pdb (Full PDB)
